#
# There is insufficient memory for the Java Runtime Environment to continue.
# Native memory allocation (malloc) failed to allocate 32744 bytes for ChunkPool::allocate
# Possible reasons:
#   The system is out of physical RAM or swap space
#   The process is running with CompressedOops enabled, and the Java Heap may be blocking the growth of the native heap
# Possible solutions:
#   Reduce memory load on the system
#   Increase physical memory or swap space
#   Check if swap backing store is full
#   Decrease Java heap size (-Xmx/-Xms)
#   Decrease number of Java threads
#   Decrease Java thread stack sizes (-Xss)
#   Set larger code cache with -XX:ReservedCodeCacheSize=
#   JVM is running with Unscaled Compressed Oops mode in which the Java heap is
#     placed in the first 4GB address space. The Java Heap base address is the
#     maximum limit for the native heap growth. Please use -XX:HeapBaseMinAddress
#     to set the Java Heap base and to place the Java Heap above 4GB virtual address.
# This output file may be truncated or incomplete.
#
#  Out of Memory Error (./src/hotspot/share/memory/arena.cpp:81), pid=28128, tid=29568
#
# JRE version: OpenJDK Runtime Environment Microsoft-7208460 (11.0.18+10) (build 11.0.18+10-LTS)
# Java VM: OpenJDK 64-Bit Server VM Microsoft-7208460 (11.0.18+10-LTS, mixed mode, tiered, compressed oops, g1 gc, windows-amd64)
# No core dump will be written. Minidumps are not enabled by default on client versions of Windows
#

---------------  S U M M A R Y ------------

Command Line: -Xmx64m -Xms64m -Dorg.gradle.appname=gradlew org.gradle.wrapper.GradleWrapperMain tasks

Host: 11th Gen Intel(R) Core(TM) i5-11300H @ 3.10GHz, 8 cores, 7G,  Windows 11 , 64 bit Build 22621 (10.0.22621.3958)
Time: Tue Sep 17 13:37:31 2024 India Standard Time elapsed time: 77.698065 seconds (0d 0h 1m 17s)

---------------  T H R E A D  ---------------

Current thread (0x000001b83e0b7000):  JavaThread "C2 CompilerThread0" daemon [_thread_in_native, id=29568, stack(0x00000024df500000,0x00000024df600000)]


Current CompileTask:
C2:  77698 1438       4       java.lang.String::replace (42 bytes)

Stack: [0x00000024df500000,0x00000024df600000]
Native frames: (J=compiled Java code, j=interpreted, Vv=VM code, C=native code)
V  [jvm.dll+0x62bf8a]
V  [jvm.dll+0x7b8fb9]
V  [jvm.dll+0x7ba6a8]
V  [jvm.dll+0x7bad83]
V  [jvm.dll+0x250248]
V  [jvm.dll+0xc286b]
V  [jvm.dll+0xc2bcc]
V  [jvm.dll+0xc271b]
V  [jvm.dll+0x60978f]
V  [jvm.dll+0x65cf94]
V  [jvm.dll+0x19eead]
V  [jvm.dll+0x209495]
V  [jvm.dll+0x20850d]
V  [jvm.dll+0x18a4b1]
V  [jvm.dll+0x217eec]
V  [jvm.dll+0x21612b]
V  [jvm.dll+0x77bac0]
V  [jvm.dll+0x7749f4]
V  [jvm.dll+0x62adf5]
C  [ucrtbase.dll+0x29333]
C  [KERNEL32.DLL+0x1257d]
C  [ntdll.dll+0x5af28]


---------------  P R O C E S S  ---------------

Threads class SMR info:
_java_thread_list=0x000001b83f48ab50, length=11, elements={
0x000001b823a05800, 0x000001b83e0ae000, 0x000001b83e0af000, 0x000001b83e10a800,
0x000001b83e111000, 0x000001b83e112000, 0x000001b83e0b7000, 0x000001b83ea73000,
0x000001b83ea74000, 0x000001b83eb7e800, 0x000001b83f053800
}

Java Threads: ( => current thread )
  0x000001b823a05800 JavaThread "main" [_thread_in_vm, id=28620, stack(0x00000024de900000,0x00000024dea00000)]
  0x000001b83e0ae000 JavaThread "Reference Handler" daemon [_thread_blocked, id=29284, stack(0x00000024df000000,0x00000024df100000)]
  0x000001b83e0af000 JavaThread "Finalizer" daemon [_thread_blocked, id=29288, stack(0x00000024df100000,0x00000024df200000)]
  0x000001b83e10a800 JavaThread "Signal Dispatcher" daemon [_thread_blocked, id=29556, stack(0x00000024df200000,0x00000024df300000)]
  0x000001b83e111000 JavaThread "Attach Listener" daemon [_thread_blocked, id=29560, stack(0x00000024df300000,0x00000024df400000)]
  0x000001b83e112000 JavaThread "Service Thread" daemon [_thread_blocked, id=29564, stack(0x00000024df400000,0x00000024df500000)]
=>0x000001b83e0b7000 JavaThread "C2 CompilerThread0" daemon [_thread_in_native, id=29568, stack(0x00000024df500000,0x00000024df600000)]
  0x000001b83ea73000 JavaThread "C1 CompilerThread0" daemon [_thread_blocked, id=29616, stack(0x00000024df600000,0x00000024df700000)]
  0x000001b83ea74000 JavaThread "Sweeper thread" daemon [_thread_blocked, id=29620, stack(0x00000024df700000,0x00000024df800000)]
  0x000001b83eb7e800 JavaThread "Common-Cleaner" daemon [_thread_blocked, id=29968, stack(0x00000024df900000,0x00000024dfa00000)]
  0x000001b83f053800 JavaThread "pool-1-thread-1" [_thread_blocked, id=23772, stack(0x00000024dfa00000,0x00000024dfb00000)]

Other Threads:
  0x000001b83e096800 VMThread "VM Thread" [stack: 0x00000024def00000,0x00000024df000000] [id=29028]
  0x000001b83eb76000 WatcherThread [stack: 0x00000024df800000,0x00000024df900000] [id=29956]
  0x000001b823a1f000 GCTaskThread "GC Thread#0" [stack: 0x00000024dea00000,0x00000024deb00000] [id=29000]
  0x000001b83f739800 GCTaskThread "GC Thread#1" [stack: 0x00000024de600000,0x00000024de700000] [id=22864]
  0x000001b823a27800 ConcurrentGCThread "G1 Main Marker" [stack: 0x00000024deb00000,0x00000024dec00000] [id=29004]
  0x000001b823a2a000 ConcurrentGCThread "G1 Conc#0" [stack: 0x00000024dec00000,0x00000024ded00000] [id=29008]
  0x000001b823a8e800 ConcurrentGCThread "G1 Refine#0" [stack: 0x00000024ded00000,0x00000024dee00000] [id=29012]
  0x000001b823a8f800 ConcurrentGCThread "G1 Young RemSet Sampling" [stack: 0x00000024dee00000,0x00000024def00000] [id=29016]

Threads with active compile tasks:
C2 CompilerThread0    78380 1438       4       java.lang.String::replace (42 bytes)

VM state:not at safepoint (normal execution)

VM Mutex/Monitor currently owned by a thread: None

Heap address: 0x00000000fc000000, size: 64 MB, Compressed Oops mode: 32-bit
Narrow klass base: 0x0000000000000000, Narrow klass shift: 3
Compressed class space size: 1073741824 Address: 0x0000000100000000

Heap:
 garbage-first heap   total 65536K, used 32760K [0x00000000fc000000, 0x0000000100000000)
  region size 1024K, 26 young (26624K), 3 survivors (3072K)
 Metaspace       used 15581K, capacity 15876K, committed 16000K, reserved 1062912K
  class space    used 1735K, capacity 1847K, committed 1920K, reserved 1048576K
Heap Regions: E=young(eden), S=young(survivor), O=old, HS=humongous(starts), HC=humongous(continues), CS=collection set, F=free, A=archive, TAMS=top-at-mark-start (previous, next)
|   0|0x00000000fc000000, 0x00000000fc100000, 0x00000000fc100000|100%|HS|  |TAMS 0x00000000fc000000, 0x00000000fc000000| Complete 
|   1|0x00000000fc100000, 0x00000000fc200000, 0x00000000fc200000|100%|HC|  |TAMS 0x00000000fc100000, 0x00000000fc100000| Complete 
|   2|0x00000000fc200000, 0x00000000fc300000, 0x00000000fc300000|100%|HC|  |TAMS 0x00000000fc200000, 0x00000000fc200000| Complete 
|   3|0x00000000fc300000, 0x00000000fc400000, 0x00000000fc400000|100%|HC|  |TAMS 0x00000000fc300000, 0x00000000fc300000| Complete 
|   4|0x00000000fc400000, 0x00000000fc500000, 0x00000000fc500000|100%| O|  |TAMS 0x00000000fc400000, 0x00000000fc400000| Untracked 
|   5|0x00000000fc500000, 0x00000000fc600000, 0x00000000fc600000|100%| O|  |TAMS 0x00000000fc500000, 0x00000000fc500000| Untracked 
|   6|0x00000000fc600000, 0x00000000fc6fe200, 0x00000000fc700000| 99%| O|  |TAMS 0x00000000fc600000, 0x00000000fc600000| Untracked 
|   7|0x00000000fc700000, 0x00000000fc700000, 0x00000000fc800000|  0%| F|  |TAMS 0x00000000fc700000, 0x00000000fc700000| Untracked 
|   8|0x00000000fc800000, 0x00000000fc800000, 0x00000000fc900000|  0%| F|  |TAMS 0x00000000fc800000, 0x00000000fc800000| Untracked 
|   9|0x00000000fc900000, 0x00000000fc900000, 0x00000000fca00000|  0%| F|  |TAMS 0x00000000fc900000, 0x00000000fc900000| Untracked 
|  10|0x00000000fca00000, 0x00000000fca00000, 0x00000000fcb00000|  0%| F|  |TAMS 0x00000000fca00000, 0x00000000fca00000| Untracked 
|  11|0x00000000fcb00000, 0x00000000fcb00000, 0x00000000fcc00000|  0%| F|  |TAMS 0x00000000fcb00000, 0x00000000fcb00000| Untracked 
|  12|0x00000000fcc00000, 0x00000000fcc00000, 0x00000000fcd00000|  0%| F|  |TAMS 0x00000000fcc00000, 0x00000000fcc00000| Untracked 
|  13|0x00000000fcd00000, 0x00000000fcd00000, 0x00000000fce00000|  0%| F|  |TAMS 0x00000000fcd00000, 0x00000000fcd00000| Untracked 
|  14|0x00000000fce00000, 0x00000000fce00000, 0x00000000fcf00000|  0%| F|  |TAMS 0x00000000fce00000, 0x00000000fce00000| Untracked 
|  15|0x00000000fcf00000, 0x00000000fcf00000, 0x00000000fd000000|  0%| F|  |TAMS 0x00000000fcf00000, 0x00000000fcf00000| Untracked 
|  16|0x00000000fd000000, 0x00000000fd000000, 0x00000000fd100000|  0%| F|  |TAMS 0x00000000fd000000, 0x00000000fd000000| Untracked 
|  17|0x00000000fd100000, 0x00000000fd100000, 0x00000000fd200000|  0%| F|  |TAMS 0x00000000fd100000, 0x00000000fd100000| Untracked 
|  18|0x00000000fd200000, 0x00000000fd200000, 0x00000000fd300000|  0%| F|  |TAMS 0x00000000fd200000, 0x00000000fd200000| Untracked 
|  19|0x00000000fd300000, 0x00000000fd300000, 0x00000000fd400000|  0%| F|  |TAMS 0x00000000fd300000, 0x00000000fd300000| Untracked 
|  20|0x00000000fd400000, 0x00000000fd400000, 0x00000000fd500000|  0%| F|  |TAMS 0x00000000fd400000, 0x00000000fd400000| Untracked 
|  21|0x00000000fd500000, 0x00000000fd500000, 0x00000000fd600000|  0%| F|  |TAMS 0x00000000fd500000, 0x00000000fd500000| Untracked 
|  22|0x00000000fd600000, 0x00000000fd600000, 0x00000000fd700000|  0%| F|  |TAMS 0x00000000fd600000, 0x00000000fd600000| Untracked 
|  23|0x00000000fd700000, 0x00000000fd700000, 0x00000000fd800000|  0%| F|  |TAMS 0x00000000fd700000, 0x00000000fd700000| Untracked 
|  24|0x00000000fd800000, 0x00000000fd800000, 0x00000000fd900000|  0%| F|  |TAMS 0x00000000fd800000, 0x00000000fd800000| Untracked 
|  25|0x00000000fd900000, 0x00000000fd900000, 0x00000000fda00000|  0%| F|  |TAMS 0x00000000fd900000, 0x00000000fd900000| Untracked 
|  26|0x00000000fda00000, 0x00000000fda00000, 0x00000000fdb00000|  0%| F|  |TAMS 0x00000000fda00000, 0x00000000fda00000| Untracked 
|  27|0x00000000fdb00000, 0x00000000fdb00000, 0x00000000fdc00000|  0%| F|  |TAMS 0x00000000fdb00000, 0x00000000fdb00000| Untracked 
|  28|0x00000000fdc00000, 0x00000000fdc00000, 0x00000000fdd00000|  0%| F|  |TAMS 0x00000000fdc00000, 0x00000000fdc00000| Untracked 
|  29|0x00000000fdd00000, 0x00000000fdd00000, 0x00000000fde00000|  0%| F|  |TAMS 0x00000000fdd00000, 0x00000000fdd00000| Untracked 
|  30|0x00000000fde00000, 0x00000000fde00000, 0x00000000fdf00000|  0%| F|  |TAMS 0x00000000fde00000, 0x00000000fde00000| Untracked 
|  31|0x00000000fdf00000, 0x00000000fdf00000, 0x00000000fe000000|  0%| F|  |TAMS 0x00000000fdf00000, 0x00000000fdf00000| Untracked 
|  32|0x00000000fe000000, 0x00000000fe000000, 0x00000000fe100000|  0%| F|  |TAMS 0x00000000fe000000, 0x00000000fe000000| Untracked 
|  33|0x00000000fe100000, 0x00000000fe100000, 0x00000000fe200000|  0%| F|  |TAMS 0x00000000fe100000, 0x00000000fe100000| Untracked 
|  34|0x00000000fe200000, 0x00000000fe200000, 0x00000000fe300000|  0%| F|  |TAMS 0x00000000fe200000, 0x00000000fe200000| Untracked 
|  35|0x00000000fe300000, 0x00000000fe300000, 0x00000000fe400000|  0%| F|  |TAMS 0x00000000fe300000, 0x00000000fe300000| Untracked 
|  36|0x00000000fe400000, 0x00000000fe400000, 0x00000000fe500000|  0%| F|  |TAMS 0x00000000fe400000, 0x00000000fe400000| Untracked 
|  37|0x00000000fe500000, 0x00000000fe600000, 0x00000000fe600000|100%| S|CS|TAMS 0x00000000fe500000, 0x00000000fe500000| Complete 
|  38|0x00000000fe600000, 0x00000000fe700000, 0x00000000fe700000|100%| S|CS|TAMS 0x00000000fe600000, 0x00000000fe600000| Complete 
|  39|0x00000000fe700000, 0x00000000fe800000, 0x00000000fe800000|100%| S|CS|TAMS 0x00000000fe700000, 0x00000000fe700000| Complete 
|  40|0x00000000fe800000, 0x00000000fe800000, 0x00000000fe900000|  0%| F|  |TAMS 0x00000000fe800000, 0x00000000fe800000| Untracked 
|  41|0x00000000fe900000, 0x00000000fea00000, 0x00000000fea00000|100%| E|  |TAMS 0x00000000fe900000, 0x00000000fe900000| Complete 
|  42|0x00000000fea00000, 0x00000000feb00000, 0x00000000feb00000|100%| E|CS|TAMS 0x00000000fea00000, 0x00000000fea00000| Complete 
|  43|0x00000000feb00000, 0x00000000fec00000, 0x00000000fec00000|100%| E|CS|TAMS 0x00000000feb00000, 0x00000000feb00000| Complete 
|  44|0x00000000fec00000, 0x00000000fed00000, 0x00000000fed00000|100%| E|CS|TAMS 0x00000000fec00000, 0x00000000fec00000| Complete 
|  45|0x00000000fed00000, 0x00000000fee00000, 0x00000000fee00000|100%| E|CS|TAMS 0x00000000fed00000, 0x00000000fed00000| Complete 
|  46|0x00000000fee00000, 0x00000000fef00000, 0x00000000fef00000|100%| E|CS|TAMS 0x00000000fee00000, 0x00000000fee00000| Complete 
|  47|0x00000000fef00000, 0x00000000ff000000, 0x00000000ff000000|100%| E|CS|TAMS 0x00000000fef00000, 0x00000000fef00000| Complete 
|  48|0x00000000ff000000, 0x00000000ff100000, 0x00000000ff100000|100%| E|CS|TAMS 0x00000000ff000000, 0x00000000ff000000| Complete 
|  49|0x00000000ff100000, 0x00000000ff200000, 0x00000000ff200000|100%| E|CS|TAMS 0x00000000ff100000, 0x00000000ff100000| Complete 
|  50|0x00000000ff200000, 0x00000000ff300000, 0x00000000ff300000|100%| E|CS|TAMS 0x00000000ff200000, 0x00000000ff200000| Complete 
|  51|0x00000000ff300000, 0x00000000ff400000, 0x00000000ff400000|100%| E|CS|TAMS 0x00000000ff300000, 0x00000000ff300000| Complete 
|  52|0x00000000ff400000, 0x00000000ff500000, 0x00000000ff500000|100%| E|CS|TAMS 0x00000000ff400000, 0x00000000ff400000| Complete 
|  53|0x00000000ff500000, 0x00000000ff600000, 0x00000000ff600000|100%| E|CS|TAMS 0x00000000ff500000, 0x00000000ff500000| Complete 
|  54|0x00000000ff600000, 0x00000000ff700000, 0x00000000ff700000|100%| E|CS|TAMS 0x00000000ff600000, 0x00000000ff600000| Complete 
|  55|0x00000000ff700000, 0x00000000ff800000, 0x00000000ff800000|100%| E|CS|TAMS 0x00000000ff700000, 0x00000000ff700000| Complete 
|  56|0x00000000ff800000, 0x00000000ff900000, 0x00000000ff900000|100%| E|CS|TAMS 0x00000000ff800000, 0x00000000ff800000| Complete 
|  57|0x00000000ff900000, 0x00000000ffa00000, 0x00000000ffa00000|100%| E|CS|TAMS 0x00000000ff900000, 0x00000000ff900000| Complete 
|  58|0x00000000ffa00000, 0x00000000ffb00000, 0x00000000ffb00000|100%| E|CS|TAMS 0x00000000ffa00000, 0x00000000ffa00000| Complete 
|  59|0x00000000ffb00000, 0x00000000ffc00000, 0x00000000ffc00000|100%| E|CS|TAMS 0x00000000ffb00000, 0x00000000ffb00000| Complete 
|  60|0x00000000ffc00000, 0x00000000ffd00000, 0x00000000ffd00000|100%| E|CS|TAMS 0x00000000ffc00000, 0x00000000ffc00000| Complete 
|  61|0x00000000ffd00000, 0x00000000ffe00000, 0x00000000ffe00000|100%| E|CS|TAMS 0x00000000ffd00000, 0x00000000ffd00000| Complete 
|  62|0x00000000ffe00000, 0x00000000fff00000, 0x00000000fff00000|100%| E|CS|TAMS 0x00000000ffe00000, 0x00000000ffe00000| Complete 
|  63|0x00000000fff00000, 0x0000000100000000, 0x0000000100000000|100%| E|CS|TAMS 0x00000000fff00000, 0x00000000fff00000| Complete 

Card table byte_map: [0x000001b823960000,0x000001b823980000] _byte_map_base: 0x000001b823180000

Marking Bits (Prev, Next): (CMBitMap*) 0x000001b823a26958, (CMBitMap*) 0x000001b823a26990
 Prev Bits: [0x000001b83b4a0000, 0x000001b83b5a0000)
 Next Bits: [0x000001b83b5a0000, 0x000001b83b6a0000)

Polling page: 0x000001b8231d0000

Metaspace:

Usage:
  Non-class:     13.70 MB capacity,    13.52 MB ( 99%) used,   160.23 KB (  1%) free+waste,    22.75 KB ( <1%) overhead. 
      Class:      1.80 MB capacity,     1.69 MB ( 94%) used,   100.44 KB (  5%) free+waste,    10.94 KB ( <1%) overhead. 
       Both:     15.50 MB capacity,    15.22 MB ( 98%) used,   260.66 KB (  2%) free+waste,    33.69 KB ( <1%) overhead. 

Virtual space:
  Non-class space:       14.00 MB reserved,      13.75 MB ( 98%) committed 
      Class space:        1.00 GB reserved,       1.88 MB ( <1%) committed 
             Both:        1.01 GB reserved,      15.63 MB (  2%) committed 

Chunk freelists:
   Non-Class:  51.00 KB
       Class:  9.00 KB
        Both:  60.00 KB

MaxMetaspaceSize: 17179869184.00 GB
CompressedClassSpaceSize: 1.00 GB
Initial GC threshold: 20.80 MB
Current GC threshold: 20.80 MB
CDS: off

CodeHeap 'non-profiled nmethods': size=120000Kb used=549Kb max_used=549Kb free=119451Kb
 bounds [0x000001b833c40000, 0x000001b833eb0000, 0x000001b83b170000]
CodeHeap 'profiled nmethods': size=120000Kb used=2982Kb max_used=2982Kb free=117017Kb
 bounds [0x000001b82c710000, 0x000001b82ca00000, 0x000001b833c40000]
CodeHeap 'non-nmethods': size=5760Kb used=1165Kb max_used=1183Kb free=4594Kb
 bounds [0x000001b82c170000, 0x000001b82c3e0000, 0x000001b82c710000]
 total_blobs=1847 nmethods=1431 adapters=329
 compilation: enabled
              stopped_count=0, restarted_count=0
 full_count=0

Compilation events (20 events):
Event: 77.160 Thread 0x000001b83ea73000 nmethod 1428 0x000001b82c9f3990 code [0x000001b82c9f3b40, 0x000001b82c9f3d08]
Event: 77.160 Thread 0x000001b83ea73000 1429       3       org.gradle.internal.logging.console.ThrottlingOutputEventListener$1::run (27 bytes)
Event: 77.160 Thread 0x000001b83ea73000 nmethod 1429 0x000001b82c9f3e10 code [0x000001b82c9f4000, 0x000001b82c9f4378]
Event: 77.160 Thread 0x000001b83ea73000 1430       3       org.gradle.internal.logging.events.UpdateNowEvent::<init> (10 bytes)
Event: 77.160 Thread 0x000001b83ea73000 nmethod 1430 0x000001b82c9f4590 code [0x000001b82c9f4740, 0x000001b82c9f48f8]
Event: 77.223 Thread 0x000001b83ea73000 1431       1       org.gradle.internal.io.StreamByteBuffer::access$000 (5 bytes)
Event: 77.223 Thread 0x000001b83ea73000 nmethod 1431 0x000001b833cc9110 code [0x000001b833cc92c0, 0x000001b833cc9358]
Event: 77.223 Thread 0x000001b83ea73000 1434       3       org.gradle.internal.io.StreamByteBuffer::allocateSpace (73 bytes)
Event: 77.223 Thread 0x000001b83ea73000 nmethod 1434 0x000001b82c9f4a10 code [0x000001b82c9f4c20, 0x000001b82c9f5368]
Event: 77.223 Thread 0x000001b83ea73000 1432       3       org.gradle.internal.stream.EncodedStream::access$000 (4 bytes)
Event: 77.224 Thread 0x000001b83ea73000 nmethod 1432 0x000001b82c9f5610 code [0x000001b82c9f57c0, 0x000001b82c9f58b8]
Event: 77.224 Thread 0x000001b83ea73000 1433       3       org.gradle.internal.io.StreamByteBuffer$StreamByteBufferOutputStream::write (22 bytes)
Event: 77.224 Thread 0x000001b83ea73000 nmethod 1433 0x000001b82c9f5990 code [0x000001b82c9f5b60, 0x000001b82c9f5dc8]
Event: 77.224 Thread 0x000001b83ea73000 1435       3       org.gradle.internal.io.StreamByteBuffer$StreamByteBufferChunk::spaceLeft (10 bytes)
Event: 77.224 Thread 0x000001b83ea73000 nmethod 1435 0x000001b82c9f5f90 code [0x000001b82c9f6140, 0x000001b82c9f6238]
Event: 77.224 Thread 0x000001b83ea73000 1436       3       org.gradle.internal.io.StreamByteBuffer$StreamByteBufferChunk::write (32 bytes)
Event: 77.224 Thread 0x000001b83ea73000 nmethod 1436 0x000001b82c9f6310 code [0x000001b82c9f64c0, 0x000001b82c9f6658]
Event: 77.224 Thread 0x000001b83ea73000 1437       3       org.gradle.internal.stream.EncodedStream$EncodedOutput::write (33 bytes)
Event: 77.224 Thread 0x000001b83ea73000 nmethod 1437 0x000001b82c9f6710 code [0x000001b82c9f6900, 0x000001b82c9f6cb8]
Event: 77.640 Thread 0x000001b83e0b7000 1438       4       java.lang.String::replace (42 bytes)

GC Heap History (2 events):
Event: 36.470 GC heap before
{Heap before GC invocations=0 (full 0):
 garbage-first heap   total 65536K, used 27648K [0x00000000fc000000, 0x0000000100000000)
  region size 1024K, 24 young (24576K), 0 survivors (0K)
 Metaspace       used 10583K, capacity 10787K, committed 11008K, reserved 1058816K
  class space    used 1059K, capacity 1167K, committed 1280K, reserved 1048576K
}
Event: 36.520 GC heap after
{Heap after GC invocations=1 (full 0):
 garbage-first heap   total 65536K, used 10232K [0x00000000fc000000, 0x0000000100000000)
  region size 1024K, 3 young (3072K), 3 survivors (3072K)
 Metaspace       used 10583K, capacity 10787K, committed 11008K, reserved 1058816K
  class space    used 1059K, capacity 1167K, committed 1280K, reserved 1048576K
}

Deoptimization events (20 events):
Event: 39.779 Thread 0x000001b823a05800 DEOPT PACKING pc=0x000001b82c7b607f sp=0x00000024de9f8620
Event: 39.779 Thread 0x000001b823a05800 DEOPT UNPACKING pc=0x000001b82c1b9d0e sp=0x00000024de9f7a70 mode 0
Event: 41.951 Thread 0x000001b823a05800 DEOPT PACKING pc=0x000001b82c8482b0 sp=0x00000024de9f8890
Event: 41.951 Thread 0x000001b823a05800 DEOPT UNPACKING pc=0x000001b82c1b9d0e sp=0x00000024de9f7da8 mode 0
Event: 41.953 Thread 0x000001b823a05800 Uncommon trap: trap_request=0xffffff4d fr.pc=0x000001b833c9bee0 relative=0x00000000000001a0
Event: 41.953 Thread 0x000001b823a05800 Uncommon trap: reason=unstable_if action=reinterpret pc=0x000001b833c9bee0 method=java.util.HashMap.getNode(ILjava/lang/Object;)Ljava/util/HashMap$Node; @ 129 c2
Event: 41.953 Thread 0x000001b823a05800 DEOPT PACKING pc=0x000001b833c9bee0 sp=0x00000024de9fa680
Event: 41.953 Thread 0x000001b823a05800 DEOPT UNPACKING pc=0x000001b82c1785af sp=0x00000024de9fa580 mode 2
Event: 61.262 Thread 0x000001b823a05800 Uncommon trap: trap_request=0xffffff4d fr.pc=0x000001b833ca1444 relative=0x0000000000001084
Event: 61.262 Thread 0x000001b823a05800 Uncommon trap: reason=unstable_if action=reinterpret pc=0x000001b833ca1444 method=java.util.concurrent.ConcurrentHashMap.putVal(Ljava/lang/Object;Ljava/lang/Object;Z)Ljava/lang/Object; @ 256 c2
Event: 61.262 Thread 0x000001b823a05800 DEOPT PACKING pc=0x000001b833ca1444 sp=0x00000024de9fc590
Event: 61.262 Thread 0x000001b823a05800 DEOPT UNPACKING pc=0x000001b82c1785af sp=0x00000024de9fc518 mode 2
Event: 73.139 Thread 0x000001b823a05800 DEOPT PACKING pc=0x000001b82c7ce5a1 sp=0x00000024de9fc480
Event: 73.139 Thread 0x000001b823a05800 DEOPT UNPACKING pc=0x000001b82c1b9d0e sp=0x00000024de9fb978 mode 0
Event: 73.170 Thread 0x000001b823a05800 DEOPT PACKING pc=0x000001b82c7c56d1 sp=0x00000024de9fc570
Event: 73.170 Thread 0x000001b823a05800 DEOPT UNPACKING pc=0x000001b82c1b9d0e sp=0x00000024de9fba38 mode 0
Event: 73.191 Thread 0x000001b823a05800 DEOPT PACKING pc=0x000001b82c7c56d1 sp=0x00000024de9fc570
Event: 73.192 Thread 0x000001b823a05800 DEOPT UNPACKING pc=0x000001b82c1b9d0e sp=0x00000024de9fba38 mode 0
Event: 73.835 Thread 0x000001b823a05800 DEOPT PACKING pc=0x000001b82c8ae0e8 sp=0x00000024de9fc760
Event: 73.835 Thread 0x000001b823a05800 DEOPT UNPACKING pc=0x000001b82c1b9d0e sp=0x00000024de9fbc78 mode 0

Classes redefined (0 events):
No events

Internal exceptions (12 events):
Event: 10.964 Thread 0x000001b823a05800 Exception <a 'java/lang/NoSuchMethodError'{0x00000000ffc6a538}: 'int java.lang.invoke.DirectMethodHandle$Holder.invokeStaticInit(java.lang.Object, java.lang.Object)'> (0x00000000ffc6a538) thrown at [./src/hotspot/share/interpreter/linkResolver.cpp, line 773]
Event: 13.444 Thread 0x000001b823a05800 Exception <a 'java/lang/NoSuchMethodError'{0x00000000ffb48af0}: 'int java.lang.invoke.DirectMethodHandle$Holder.invokeSpecial(java.lang.Object, java.lang.Object, java.lang.Object, java.lang.Object)'> (0x00000000ffb48af0) thrown at [./src/hotspot/share/interpreter/linkResolver.cpp, line 773]
Event: 13.694 Thread 0x000001b823a05800 Exception <a 'java/lang/NoSuchMethodError'{0x00000000ffb825b0}: 'int java.lang.invoke.DirectMethodHandle$Holder.invokeSpecialIFC(java.lang.Object, java.lang.Object, int)'> (0x00000000ffb825b0) thrown at [./src/hotspot/share/interpreter/linkResolver.cpp, line 773]
Event: 35.430 Thread 0x000001b823a05800 Implicit null exception at 0x000001b833c870f5 to 0x000001b833c872c4
Event: 36.544 Thread 0x000001b823a05800 Exception <a 'java/lang/NoClassDefFoundError'{0x00000000fff05378}: org/slf4j/impl/StaticMarkerBinder> (0x00000000fff05378) thrown at [./src/hotspot/share/classfile/systemDictionary.cpp, line 219]
Event: 36.997 Thread 0x000001b823a05800 Exception <a 'java/lang/NoSuchMethodError'{0x00000000ffe0a968}: 'java.lang.Object java.lang.invoke.DirectMethodHandle$Holder.invokeVirtual(java.lang.Object, java.lang.Object, java.lang.Object, java.lang.Object, java.lang.Object, java.lang.Object, java.lang.Object)'> (0x00000000ffe0a968) thrown at [./src/hotspot/share/interpreter/linkResolver.cpp, line 773]
Event: 37.007 Thread 0x000001b823a05800 Exception <a 'java/lang/NoSuchMethodError'{0x00000000ffe1e6c8}: 'java.lang.Object java.lang.invoke.Invokers$Holder.invoker(java.lang.Object, java.lang.Object, java.lang.Object)'> (0x00000000ffe1e6c8) thrown at [./src/hotspot/share/interpreter/linkResolver.cpp, line 773]
Event: 37.531 Thread 0x000001b823a05800 Exception <a 'java/lang/NoSuchMethodError'{0x00000000ffe2f408}: 'void java.lang.invoke.DelegatingMethodHandle$Holder.delegate(java.lang.Object, java.lang.Object, int, java.lang.Object)'> (0x00000000ffe2f408) thrown at [./src/hotspot/share/interpreter/linkResolver.cpp, line 773]
Event: 39.587 Thread 0x000001b823a05800 Exception <a 'java/lang/NoSuchMethodError'{0x00000000ff50ac10}: 'java.lang.Object java.lang.invoke.DirectMethodHandle$Holder.invokeStaticInit(java.lang.Object, java.lang.Object, java.lang.Object)'> (0x00000000ff50ac10) thrown at [./src/hotspot/share/interpreter/linkResolver.cpp, line 773]
Event: 42.030 Thread 0x000001b823a05800 Exception <a 'java/lang/NoSuchMethodError'{0x00000000ff0618d0}: 'java.lang.Object java.lang.invoke.DirectMethodHandle$Holder.invokeStaticInit(java.lang.Object, int, int, int, int)'> (0x00000000ff0618d0) thrown at [./src/hotspot/share/interpreter/linkResolver.cpp, line 773]
Event: 49.520 Thread 0x000001b823a05800 Exception <a 'java/lang/NoSuchMethodError'{0x00000000ff084888}: 'java.lang.Object java.lang.invoke.DirectMethodHandle$Holder.invokeStaticInit(java.lang.Object, java.lang.Object, int, int, int, int)'> (0x00000000ff084888) thrown at [./src/hotspot/share/interpreter/linkResolver.cpp, line 773]
Event: 60.265 Thread 0x000001b823a05800 Exception <a 'java/lang/NoSuchMethodError'{0x00000000fef60c78}: 'void java.lang.invoke.DirectMethodHandle$Holder.invokeSpecial(java.lang.Object, java.lang.Object)'> (0x00000000fef60c78) thrown at [./src/hotspot/share/interpreter/linkResolver.cpp, line 773]

Events (20 events):
Event: 77.245 loading class org/gradle/launcher/daemon/DaemonExecHandleBuilder
Event: 77.245 loading class org/gradle/launcher/daemon/DaemonExecHandleBuilder done
Event: 77.247 loading class org/gradle/process/internal/DefaultExecHandleBuilder
Event: 77.247 loading class org/gradle/process/internal/DefaultExecHandleBuilder done
Event: 77.291 loading class org/gradle/process/internal/ProcessArgumentsSpec$HasExecutable
Event: 77.291 loading class org/gradle/process/internal/ProcessArgumentsSpec$HasExecutable done
Event: 77.339 loading class org/gradle/process/internal/AbstractExecHandleBuilder
Event: 77.339 loading class org/gradle/process/internal/AbstractExecHandleBuilder done
Event: 77.344 loading class org/gradle/process/internal/DefaultProcessForkOptions
Event: 77.344 loading class org/gradle/process/internal/DefaultProcessForkOptions done
Event: 77.414 loading class org/gradle/process/internal/ExecHandle
Event: 77.414 loading class org/gradle/process/internal/ExecHandle done
Event: 77.449 loading class org/gradle/process/internal/streams/EmptyStdInStreamsHandler
Event: 77.449 loading class org/gradle/process/internal/streams/EmptyStdInStreamsHandler done
Event: 77.639 loading class org/gradle/process/internal/ProcessStreamsSpec
Event: 77.639 loading class org/gradle/process/internal/ProcessStreamsSpec done
Event: 77.643 loading class org/gradle/process/internal/streams/SafeStreams
Event: 77.643 loading class org/gradle/process/internal/streams/SafeStreams done
Event: 77.645 loading class org/apache/commons/io/output/CloseShieldOutputStream
Event: 77.645 loading class org/apache/commons/io/output/CloseShieldOutputStream done


Dynamic libraries:
0x00007ff6e7450000 - 0x00007ff6e745d000 	C:\Program Files\Microsoft\jdk-11.0.18.10-hotspot\bin\java.exe
0x00007fff62390000 - 0x00007fff625a7000 	C:\WINDOWS\SYSTEM32\ntdll.dll
0x00007fff617a0000 - 0x00007fff61864000 	C:\WINDOWS\System32\KERNEL32.DLL
0x00007fff5f930000 - 0x00007fff5fcdd000 	C:\WINDOWS\System32\KERNELBASE.dll
0x00007fff5ffa0000 - 0x00007fff600b1000 	C:\WINDOWS\System32\ucrtbase.dll
0x00007fff0a980000 - 0x00007fff0a997000 	C:\Program Files\Microsoft\jdk-11.0.18.10-hotspot\bin\jli.dll
0x00007fff0a9a0000 - 0x00007fff0a9b5000 	C:\Program Files\Microsoft\jdk-11.0.18.10-hotspot\bin\VCRUNTIME140.dll
0x00007fff61220000 - 0x00007fff613ce000 	C:\WINDOWS\System32\USER32.dll
0x00007fff5ff40000 - 0x00007fff5ff66000 	C:\WINDOWS\System32\win32u.dll
0x00007fff60b50000 - 0x00007fff60b79000 	C:\WINDOWS\System32\GDI32.dll
0x00007fff5fce0000 - 0x00007fff5fdf9000 	C:\WINDOWS\System32\gdi32full.dll
0x00007fff5f720000 - 0x00007fff5f7ba000 	C:\WINDOWS\System32\msvcp_win.dll
0x00007fff44b80000 - 0x00007fff44e13000 	C:\WINDOWS\WinSxS\amd64_microsoft.windows.common-controls_6595b64144ccf1df_6.0.22621.3672_none_2713b9d173822955\COMCTL32.dll
0x00007fff622a0000 - 0x00007fff62347000 	C:\WINDOWS\System32\msvcrt.dll
0x00007fff60aa0000 - 0x00007fff60ad1000 	C:\WINDOWS\System32\IMM32.DLL
0x00007fff03a80000 - 0x00007fff03b1b000 	C:\Program Files\Microsoft\jdk-11.0.18.10-hotspot\bin\msvcp140.dll
0x00007ffef9c20000 - 0x00007ffefa7b2000 	C:\Program Files\Microsoft\jdk-11.0.18.10-hotspot\bin\server\jvm.dll
0x00007fff621e0000 - 0x00007fff62292000 	C:\WINDOWS\System32\ADVAPI32.dll
0x00007fff615e0000 - 0x00007fff61689000 	C:\WINDOWS\System32\sechost.dll
0x00007fff5ff70000 - 0x00007fff5ff98000 	C:\WINDOWS\System32\bcrypt.dll
0x00007fff614c0000 - 0x00007fff615d4000 	C:\WINDOWS\System32\RPCRT4.dll
0x00007fff61450000 - 0x00007fff61458000 	C:\WINDOWS\System32\PSAPI.DLL
0x00007fff41530000 - 0x00007fff41539000 	C:\WINDOWS\SYSTEM32\WSOCK32.dll
0x00007fff60780000 - 0x00007fff607f1000 	C:\WINDOWS\System32\WS2_32.dll
0x00007fff58c60000 - 0x00007fff58c94000 	C:\WINDOWS\SYSTEM32\WINMM.dll
0x00007fff54160000 - 0x00007fff5416a000 	C:\WINDOWS\SYSTEM32\VERSION.dll
0x00007fff5e6c0000 - 0x00007fff5e6d8000 	C:\WINDOWS\SYSTEM32\kernel.appcore.dll
0x00007fff369a0000 - 0x00007fff369b0000 	C:\Program Files\Microsoft\jdk-11.0.18.10-hotspot\bin\verify.dll
0x00007fff5ce20000 - 0x00007fff5d052000 	C:\WINDOWS\SYSTEM32\DBGHELP.DLL
0x00007fff60e80000 - 0x00007fff6120e000 	C:\WINDOWS\System32\combase.dll
0x00007fff60da0000 - 0x00007fff60e77000 	C:\WINDOWS\System32\OLEAUT32.dll
0x00007fff57b80000 - 0x00007fff57bb2000 	C:\WINDOWS\SYSTEM32\dbgcore.DLL
0x00007fff5fec0000 - 0x00007fff5ff3b000 	C:\WINDOWS\System32\bcryptPrimitives.dll
0x00007fff0a950000 - 0x00007fff0a978000 	C:\Program Files\Microsoft\jdk-11.0.18.10-hotspot\bin\java.dll
0x00007fff35660000 - 0x00007fff3566a000 	C:\Program Files\Microsoft\jdk-11.0.18.10-hotspot\bin\jimage.dll
0x00007fff0a930000 - 0x00007fff0a948000 	C:\Program Files\Microsoft\jdk-11.0.18.10-hotspot\bin\zip.dll
0x00007fff61970000 - 0x00007fff621d7000 	C:\WINDOWS\System32\SHELL32.dll
0x00007fff5d5e0000 - 0x00007fff5dedf000 	C:\WINDOWS\SYSTEM32\windows.storage.dll
0x00007fff5d4a0000 - 0x00007fff5d5df000 	C:\WINDOWS\SYSTEM32\wintypes.dll
0x00007fff616a0000 - 0x00007fff61799000 	C:\WINDOWS\System32\SHCORE.dll
0x00007fff60b80000 - 0x00007fff60bde000 	C:\WINDOWS\System32\shlwapi.dll
0x00007fff5f5e0000 - 0x00007fff5f607000 	C:\WINDOWS\SYSTEM32\profapi.dll
0x00007fff0ab80000 - 0x00007fff0ab99000 	C:\Program Files\Microsoft\jdk-11.0.18.10-hotspot\bin\net.dll
0x00007fff5b9f0000 - 0x00007fff5bb26000 	C:\WINDOWS\SYSTEM32\WINHTTP.dll
0x00007fff5eb30000 - 0x00007fff5eb99000 	C:\WINDOWS\system32\mswsock.dll
0x00007fff0a910000 - 0x00007fff0a923000 	C:\Program Files\Microsoft\jdk-11.0.18.10-hotspot\bin\nio.dll
0x00007fff0abd0000 - 0x00007fff0abf7000 	C:\Users\aashish kalwaniya\.gradle\native\68d5fa5c4cc2d200863cafc0d521ce42e7d3e7ee720ec0a83991735586a16f82\windows-amd64\native-platform.dll
0x00007fff5ac50000 - 0x00007fff5ac59000 	C:\Program Files\Microsoft\jdk-11.0.18.10-hotspot\bin\management.dll
0x00007fff5ac40000 - 0x00007fff5ac4b000 	C:\Program Files\Microsoft\jdk-11.0.18.10-hotspot\bin\management_ext.dll
0x00007fff5edc0000 - 0x00007fff5eddb000 	C:\WINDOWS\SYSTEM32\CRYPTSP.dll
0x00007fff5e620000 - 0x00007fff5e655000 	C:\WINDOWS\system32\rsaenh.dll
0x00007fff5ebf0000 - 0x00007fff5ec18000 	C:\WINDOWS\SYSTEM32\USERENV.dll
0x00007fff5ede0000 - 0x00007fff5edec000 	C:\WINDOWS\SYSTEM32\CRYPTBASE.dll
0x00007fff5e140000 - 0x00007fff5e16d000 	C:\WINDOWS\SYSTEM32\IPHLPAPI.DLL
0x00007fff60ae0000 - 0x00007fff60ae9000 	C:\WINDOWS\System32\NSI.dll
0x00007fff5b900000 - 0x00007fff5b919000 	C:\WINDOWS\SYSTEM32\dhcpcsvc6.DLL
0x00007fff5b8e0000 - 0x00007fff5b8ff000 	C:\WINDOWS\SYSTEM32\dhcpcsvc.DLL
0x00007fff5e170000 - 0x00007fff5e268000 	C:\WINDOWS\SYSTEM32\DNSAPI.dll

dbghelp: loaded successfully - version: 4.0.5 - missing functions: none
symbol engine: initialized successfully - sym options: 0x614 - pdb path: .;C:\Program Files\Microsoft\jdk-11.0.18.10-hotspot\bin;C:\WINDOWS\SYSTEM32;C:\WINDOWS\WinSxS\amd64_microsoft.windows.common-controls_6595b64144ccf1df_6.0.22621.3672_none_2713b9d173822955;C:\Program Files\Microsoft\jdk-11.0.18.10-hotspot\bin\server;C:\Users\aashish kalwaniya\.gradle\native\68d5fa5c4cc2d200863cafc0d521ce42e7d3e7ee720ec0a83991735586a16f82\windows-amd64

VM Arguments:
jvm_args: -Xmx64m -Xms64m -Dorg.gradle.appname=gradlew 
java_command: org.gradle.wrapper.GradleWrapperMain tasks
java_class_path (initial): C:\Users\aashish kalwaniya\Desktop\vscode\Native\Reservo\android\\gradle\wrapper\gradle-wrapper.jar
Launcher Type: SUN_STANDARD

[Global flags]
     intx CICompilerCount                          = 4                                         {product} {ergonomic}
     uint ConcGCThreads                            = 2                                         {product} {ergonomic}
     uint G1ConcRefinementThreads                  = 8                                         {product} {ergonomic}
   size_t G1HeapRegionSize                         = 1048576                                   {product} {ergonomic}
    uintx GCDrainStackTargetSize                   = 64                                        {product} {ergonomic}
   size_t InitialHeapSize                          = 67108864                                  {product} {command line}
   size_t MarkStackSize                            = 4194304                                   {product} {ergonomic}
   size_t MaxHeapSize                              = 67108864                                  {product} {command line}
   size_t MaxNewSize                               = 39845888                                  {product} {ergonomic}
   size_t MinHeapDeltaBytes                        = 1048576                                   {product} {ergonomic}
    uintx NonNMethodCodeHeapSize                   = 5836300                                {pd product} {ergonomic}
    uintx NonProfiledCodeHeapSize                  = 122910970                              {pd product} {ergonomic}
    uintx ProfiledCodeHeapSize                     = 122910970                              {pd product} {ergonomic}
    uintx ReservedCodeCacheSize                    = 251658240                              {pd product} {ergonomic}
     bool SegmentedCodeCache                       = true                                      {product} {ergonomic}
     bool UseCompressedClassPointers               = true                                 {lp64_product} {ergonomic}
     bool UseCompressedOops                        = true                                 {lp64_product} {ergonomic}
     bool UseG1GC                                  = true                                      {product} {ergonomic}
     bool UseLargePagesIndividualAllocation        = false                                  {pd product} {ergonomic}

Logging:
Log output configuration:
 #0: stdout all=warning uptime,level,tags
 #1: stderr all=off uptime,level,tags

Environment Variables:
JAVA_HOME=C:\Program Files\Microsoft\jdk-11.0.18.10-hotspot\
CLASSPATH=C:\Users\aashish kalwaniya\Desktop\vscode\Native\Reservo\android\\gradle\wrapper\gradle-wrapper.jar
PATH=C:\Users\aashish kalwaniya\Desktop\vscode\Native\Reservo\node_modules\.bin;C:\Users\aashish kalwaniya\Desktop\vscode\Native\node_modules\.bin;C:\Users\aashish kalwaniya\Desktop\vscode\node_modules\.bin;C:\Users\aashish kalwaniya\Desktop\node_modules\.bin;C:\Users\aashish kalwaniya\node_modules\.bin;C:\Users\node_modules\.bin;C:\node_modules\.bin;C:\Users\aashish kalwaniya\AppData\Roaming\npm\node_modules\npm\node_modules\@npmcli\run-script\lib\node-gyp-bin;C:\Users\aashish kalwaniya\Desktop\vscode\Native\Reservo\node_modules\.bin;C:\Users\aashish kalwaniya\Desktop\vscode\Native\node_modules\.bin;C:\Users\aashish kalwaniya\Desktop\vscode\node_modules\.bin;C:\Users\aashish kalwaniya\Desktop\node_modules\.bin;C:\Users\aashish kalwaniya\node_modules\.bin;C:\Users\node_modules\.bin;C:\node_modules\.bin;C:\Users\aashish kalwaniya\AppData\Roaming\npm\node_modules\npm\node_modules\@npmcli\run-script\lib\node-gyp-bin;C:\Program Files\Microsoft\jdk-11.0.18.10-hotspot\bin;C:\Program Files\Common Files\Oracle\Java\javapath;C:\WINDOWS\system32;C:\WINDOWS;C:\WINDOWS\System32\Wbem;C:\WINDOWS\System32\WindowsPowerShell\v1.0\;C:\WINDOWS\System32\OpenSSH\;C:\Program Files\nodejs\;C:\Program Files\Git\cmd;C:\Users\aashish kalwaniya\AppData\Local\Programs\Python\Python39\Scripts\;C:\Users\aashish kalwaniya\AppData\Local\Programs\Python\Python39\;C:\Users\aashish kalwaniya\AppData\Local\Microsoft\WindowsApps;C:\Users\aashish kalwaniya\AppData\Local\Programs\Microsoft VS Code\bin;C:\Program Files\MongoDB\Server\5.0\bin;C:\ProgramData\aashish kalwaniya\GitHubDesktop\bin;C:\Users\aashish kalwaniya\AppData\Local\GitHubDesktop\bin;C:\Program Files\Java\jdk-18.0.2\bin;C:\ProgramData\chocolatey\bin;C:\Program Files\nodejs\node_modules\npm\bin;C:\Users\aashish kalwaniya\AppData\Roaming\npm;C:\Program Files\Docker\Docker\resources\bin;C:\Users\aashish kalwaniya\miniconda3\Scripts;C:\Users\aashish kalwaniya\miniconda3\Library\bin;C:\Users\aashish kalwaniya\miniconda3;C:\Users\aashish kalwaniya\
USERNAME=aashish kalwaniya
LANG=en_US.UTF-8
OS=Windows_NT
PROCESSOR_IDENTIFIER=Intel64 Family 6 Model 140 Stepping 1, GenuineIntel
TMP=C:\Users\AASHIS~1\AppData\Local\Temp
TEMP=C:\Users\AASHIS~1\AppData\Local\Temp



---------------  S Y S T E M  ---------------

OS: Windows 11 , 64 bit Build 22621 (10.0.22621.3958)
OS uptime: 5 days 20:48 hours
Hyper-V role detected

CPU:total 8 (initial active 8) (4 cores per cpu, 2 threads per core) family 6 model 140 stepping 1 microcode 0x86, cmov, cx8, fxsr, mmx, sse, sse2, sse3, ssse3, sse4.1, sse4.2, popcnt, avx, avx2, aes, clmul, erms, 3dnowpref, lzcnt, ht, tsc, tscinvbit, bmi1, bmi2, adx, evex, sha, fma

Memory: 4k page, system-wide physical 7975M (242M free)
TotalPageFile size 26589M (AvailPageFile size 40M)
current process WorkingSet (physical memory assigned to process): 47M, peak: 78M
current process commit charge ("private bytes"): 160M, peak: 164M

vm_info: OpenJDK 64-Bit Server VM (11.0.18+10-LTS) for windows-amd64 JRE (11.0.18+10-LTS), built on Jan 18 2023 15:56:47 by "MicrosoftCorporation" with MS VC++ 15.9 (VS2017)

END.
